# JRE version: OpenJDK Runtime Environment Temurin-21.0.8+9 (21.0.8+9) (build 21.0.8+9-LTS)
# Java VM: OpenJDK 64-Bit Server VM Temurin-21.0.8+9 (21.0.8+9-LTS, mixed mode, sharing, tiered, compressed oops, compressed class ptrs, parallel gc, windows-amd64)
GC Precious Log:
 CardTable entry size: 512
 CPUs: 8 total, 8 available
 Memory: 7876M
 Large Page Support: Disabled
 NUMA Support: Disabled
 Compressed Oops: Enabled (32-bit)
 Alignments: Space 512K, Generation 512K, Heap 2M
 Heap Min Capacity: 100M
 Heap Initial Capacity: 100M
 Heap Max Capacity: 2G
 Pre-touch: Disabled
 Parallel Workers: 8
Heap:
 PSYoungGen      total 5632K, used 1564K [0x00000000d5580000, 0x00000000d5e80000, 0x0000000100000000)
  eden space 5120K, 26% used [0x00000000d5580000,0x00000000d56d7198,0x00000000d5a80000)
  from space 512K, 37% used [0x00000000d5e00000,0x00000000d5e30000,0x00000000d5e80000)
  to   space 512K, 0% used [0x00000000d5a80000,0x00000000d5a80000,0x00000000d5b00000)
 ParOldGen       total 335872K, used 335411K [0x0000000080000000, 0x0000000094800000, 0x00000000d5580000)
  object space 335872K, 99% used [0x0000000080000000,0x000000009478cd70,0x0000000094800000)
 Metaspace       used 79926K, committed 81600K, reserved 1179648K
  class space    used 8076K, committed 8832K, reserved 1048576K
GC Heap History (20 events):
Event: 17120.782 GC heap before
{Heap before GC invocations=531 (full 4):
 PSYoungGen      total 6656K, used 6499K [0x00000000d5580000, 0x00000000d6580000, 0x0000000100000000)
  eden space 5120K, 100% used [0x00000000d5580000,0x00000000d5a80000,0x00000000d5a80000)
  from space 1536K, 89% used [0x00000000d6400000,0x00000000d6558fb0,0x00000000d6580000)
  to   space 4608K, 0% used [0x00000000d5c80000,0x00000000d5c80000,0x00000000d6100000)
 ParOldGen       total 328704K, used 328249K [0x0000000080000000, 0x0000000094100000, 0x00000000d5580000)
  object space 328704K, 99% used [0x0000000080000000,0x000000009408e750,0x0000000094100000)
 Metaspace       used 79879K, committed 81600K, reserved 1179648K
  class space    used 8075K, committed 8832K, reserved 1048576K
}
Event: 17120.786 GC heap after
{Heap after GC invocations=531 (full 4):
 PSYoungGen      total 9728K, used 1135K [0x00000000d5580000, 0x00000000d6480000, 0x0000000100000000)
  eden space 5120K, 0% used [0x00000000d5580000,0x00000000d5580000,0x00000000d5a80000)
  from space 4608K, 24% used [0x00000000d5c80000,0x00000000d5d9bdb0,0x00000000d6100000)
  to   space 2048K, 0% used [0x00000000d6280000,0x00000000d6280000,0x00000000d6480000)
 ParOldGen       total 329216K, used 328886K [0x0000000080000000, 0x0000000094180000, 0x00000000d5580000)
  object space 329216K, 99% used [0x0000000080000000,0x000000009412d8c0,0x0000000094180000)
 Metaspace       used 79879K, committed 81600K, reserved 1179648K
  class space    used 8075K, committed 8832K, reserved 1048576K
}
Event: 17120.972 GC heap before
{Heap before GC invocations=532 (full 4):
 PSYoungGen      total 9728K, used 6255K [0x00000000d5580000, 0x00000000d6480000, 0x0000000100000000)
  eden space 5120K, 100% used [0x00000000d5580000,0x00000000d5a80000,0x00000000d5a80000)
  from space 4608K, 24% used [0x00000000d5c80000,0x00000000d5d9bdb0,0x00000000d6100000)
  to   space 2048K, 0% used [0x00000000d6280000,0x00000000d6280000,0x00000000d6480000)
 ParOldGen       total 329216K, used 328886K [0x0000000080000000, 0x0000000094180000, 0x00000000d5580000)
  object space 329216K, 99% used [0x0000000080000000,0x000000009412d8c0,0x0000000094180000)
 Metaspace       used 79884K, committed 81600K, reserved 1179648K
  class space    used 8075K, committed 8832K, reserved 1048576K
}
Event: 17120.982 GC heap after
{Heap after GC invocations=532 (full 4):
 PSYoungGen      total 6144K, used 570K [0x00000000d5580000, 0x00000000d6380000, 0x0000000100000000)
  eden space 5120K, 0% used [0x00000000d5580000,0x00000000d5580000,0x00000000d5a80000)
  from space 1024K, 55% used [0x00000000d6280000,0x00000000d630e900,0x00000000d6380000)
  to   space 1024K, 0% used [0x00000000d6180000,0x00000000d6180000,0x00000000d6280000)
 ParOldGen       total 329216K, used 328902K [0x0000000080000000, 0x0000000094180000, 0x00000000d5580000)
  object space 329216K, 99% used [0x0000000080000000,0x00000000941318c0,0x0000000094180000)
 Metaspace       used 79884K, committed 81600K, reserved 1179648K
  class space    used 8075K, committed 8832K, reserved 1048576K
}
Event: 17121.005 GC heap before
{Heap before GC invocations=533 (full 4):
 PSYoungGen      total 6144K, used 5690K [0x00000000d5580000, 0x00000000d6380000, 0x0000000100000000)
  eden space 5120K, 100% used [0x00000000d5580000,0x00000000d5a80000,0x00000000d5a80000)
  from space 1024K, 55% used [0x00000000d6280000,0x00000000d630e900,0x00000000d6380000)
  to   space 1024K, 0% used [0x00000000d6180000,0x00000000d6180000,0x00000000d6280000)
 ParOldGen       total 329216K, used 328902K [0x0000000080000000, 0x0000000094180000, 0x00000000d5580000)
  object space 329216K, 99% used [0x0000000080000000,0x00000000941318c0,0x0000000094180000)
 Metaspace       used 79887K, committed 81600K, reserved 1179648K
  class space    used 8075K, committed 8832K, reserved 1048576K
}
Event: 17121.011 GC heap after
{Heap after GC invocations=533 (full 4):
 PSYoungGen      total 6144K, used 1007K [0x00000000d5580000, 0x00000000d6480000, 0x0000000100000000)
  eden space 5120K, 0% used [0x00000000d5580000,0x00000000d5580000,0x00000000d5a80000)
  from space 1024K, 98% used [0x00000000d6180000,0x00000000d627bdb0,0x00000000d6280000)
  to   space 2048K, 0% used [0x00000000d6280000,0x00000000d6280000,0x00000000d6480000)
 ParOldGen       total 332288K, used 331906K [0x0000000080000000, 0x0000000094480000, 0x00000000d5580000)
  object space 332288K, 99% used [0x0000000080000000,0x0000000094420a90,0x0000000094480000)
 Metaspace       used 79887K, committed 81600K, reserved 1179648K
  class space    used 8075K, committed 8832K, reserved 1048576K
}
Event: 17121.028 GC heap before
{Heap before GC invocations=534 (full 4):
 PSYoungGen      total 6144K, used 6127K [0x00000000d5580000, 0x00000000d6480000, 0x0000000100000000)
  eden space 5120K, 100% used [0x00000000d5580000,0x00000000d5a80000,0x00000000d5a80000)
  from space 1024K, 98% used [0x00000000d6180000,0x00000000d627bdb0,0x00000000d6280000)
  to   space 2048K, 0% used [0x00000000d6280000,0x00000000d6280000,0x00000000d6480000)
 ParOldGen       total 332288K, used 331906K [0x0000000080000000, 0x0000000094480000, 0x00000000d5580000)
  object space 332288K, 99% used [0x0000000080000000,0x0000000094420a90,0x0000000094480000)
 Metaspace       used 79888K, committed 81600K, reserved 1179648K
  class space    used 8075K, committed 8832K, reserved 1048576K
}
Event: 17121.030 GC heap after
{Heap after GC invocations=534 (full 4):
 PSYoungGen      total 5632K, used 250K [0x00000000d5580000, 0x00000000d6300000, 0x0000000100000000)
  eden space 5120K, 0% used [0x00000000d5580000,0x00000000d5580000,0x00000000d5a80000)
  from space 512K, 48% used [0x00000000d6280000,0x00000000d62be900,0x00000000d6300000)
  to   space 2048K, 0% used [0x00000000d5f00000,0x00000000d5f00000,0x00000000d6100000)
 ParOldGen       total 332288K, used 332090K [0x0000000080000000, 0x0000000094480000, 0x00000000d5580000)
  object space 332288K, 99% used [0x0000000080000000,0x000000009444ea60,0x0000000094480000)
 Metaspace       used 79888K, committed 81600K, reserved 1179648K
  class space    used 8075K, committed 8832K, reserved 1048576K
}
Event: 17121.044 GC heap before
{Heap before GC invocations=535 (full 4):
 PSYoungGen      total 5632K, used 5370K [0x00000000d5580000, 0x00000000d6300000, 0x0000000100000000)
  eden space 5120K, 100% used [0x00000000d5580000,0x00000000d5a80000,0x00000000d5a80000)
  from space 512K, 48% used [0x00000000d6280000,0x00000000d62be900,0x00000000d6300000)
  to   space 2048K, 0% used [0x00000000d5f00000,0x00000000d5f00000,0x00000000d6100000)
 ParOldGen       total 332288K, used 332090K [0x0000000080000000, 0x0000000094480000, 0x00000000d5580000)
  object space 332288K, 99% used [0x0000000080000000,0x000000009444ea60,0x0000000094480000)
 Metaspace       used 79889K, committed 81600K, reserved 1179648K
  class space    used 8075K, committed 8832K, reserved 1048576K
}
Event: 17121.046 GC heap after
{Heap after GC invocations=535 (full 4):
 PSYoungGen      total 7168K, used 2031K [0x00000000d5580000, 0x00000000d6300000, 0x0000000100000000)
  eden space 5120K, 0% used [0x00000000d5580000,0x00000000d5580000,0x00000000d5a80000)
  from space 2048K, 99% used [0x00000000d5f00000,0x00000000d60fbdb0,0x00000000d6100000)
  to   space 2048K, 0% used [0x00000000d6100000,0x00000000d6100000,0x00000000d6300000)
 ParOldGen       total 332288K, used 332255K [0x0000000080000000, 0x0000000094480000, 0x00000000d5580000)
  object space 332288K, 99% used [0x0000000080000000,0x0000000094477c60,0x0000000094480000)
 Metaspace       used 79889K, committed 81600K, reserved 1179648K
  class space    used 8075K, committed 8832K, reserved 1048576K
}
Event: 17121.057 GC heap before
{Heap before GC invocations=536 (full 4):
 PSYoungGen      total 7168K, used 7151K [0x00000000d5580000, 0x00000000d6300000, 0x0000000100000000)
  eden space 5120K, 100% used [0x00000000d5580000,0x00000000d5a80000,0x00000000d5a80000)
  from space 2048K, 99% used [0x00000000d5f00000,0x00000000d60fbdb0,0x00000000d6100000)
  to   space 2048K, 0% used [0x00000000d6100000,0x00000000d6100000,0x00000000d6300000)
 ParOldGen       total 332288K, used 332255K [0x0000000080000000, 0x0000000094480000, 0x00000000d5580000)
  object space 332288K, 99% used [0x0000000080000000,0x0000000094477c60,0x0000000094480000)
 Metaspace       used 79889K, committed 81600K, reserved 1179648K
  class space    used 8075K, committed 8832K, reserved 1048576K
}
Event: 17121.060 GC heap after
{Heap after GC invocations=536 (full 4):
 PSYoungGen      total 7168K, used 2031K [0x00000000d5580000, 0x00000000d6300000, 0x0000000100000000)
  eden space 5120K, 0% used [0x00000000d5580000,0x00000000d5580000,0x00000000d5a80000)
  from space 2048K, 99% used [0x00000000d6100000,0x00000000d62fbdb0,0x00000000d6300000)
  to   space 3584K, 0% used [0x00000000d5c00000,0x00000000d5c00000,0x00000000d5f80000)
 ParOldGen       total 333312K, used 333175K [0x0000000080000000, 0x0000000094580000, 0x00000000d5580000)
  object space 333312K, 99% used [0x0000000080000000,0x000000009455dc00,0x0000000094580000)
 Metaspace       used 79889K, committed 81600K, reserved 1179648K
  class space    used 8075K, committed 8832K, reserved 1048576K
}
Event: 17122.174 GC heap before
{Heap before GC invocations=537 (full 4):
 PSYoungGen      total 7168K, used 7151K [0x00000000d5580000, 0x00000000d6300000, 0x0000000100000000)
  eden space 5120K, 100% used [0x00000000d5580000,0x00000000d5a80000,0x00000000d5a80000)
  from space 2048K, 99% used [0x00000000d6100000,0x00000000d62fbdb0,0x00000000d6300000)
  to   space 3584K, 0% used [0x00000000d5c00000,0x00000000d5c00000,0x00000000d5f80000)
 ParOldGen       total 333312K, used 333175K [0x0000000080000000, 0x0000000094580000, 0x00000000d5580000)
  object space 333312K, 99% used [0x0000000080000000,0x000000009455dc00,0x0000000094580000)
 Metaspace       used 79889K, committed 81600K, reserved 1179648K
  class space    used 8075K, committed 8832K, reserved 1048576K
}
Event: 17122.189 GC heap after
{Heap after GC invocations=537 (full 4):
 PSYoungGen      total 8704K, used 724K [0x00000000d5580000, 0x00000000d6180000, 0x0000000100000000)
  eden space 5120K, 0% used [0x00000000d5580000,0x00000000d5580000,0x00000000d5a80000)
  from space 3584K, 20% used [0x00000000d5c00000,0x00000000d5cb5200,0x00000000d5f80000)
  to   space 2048K, 0% used [0x00000000d5f80000,0x00000000d5f80000,0x00000000d6180000)
 ParOldGen       total 333312K, used 333191K [0x0000000080000000, 0x0000000094580000, 0x00000000d5580000)
  object space 333312K, 99% used [0x0000000080000000,0x0000000094561c00,0x0000000094580000)
 Metaspace       used 79889K, committed 81600K, reserved 1179648K
  class space    used 8075K, committed 8832K, reserved 1048576K
}
Event: 17122.203 GC heap before
{Heap before GC invocations=538 (full 4):
 PSYoungGen      total 8704K, used 5844K [0x00000000d5580000, 0x00000000d6180000, 0x0000000100000000)
  eden space 5120K, 100% used [0x00000000d5580000,0x00000000d5a80000,0x00000000d5a80000)
  from space 3584K, 20% used [0x00000000d5c00000,0x00000000d5cb5200,0x00000000d5f80000)
  to   space 2048K, 0% used [0x00000000d5f80000,0x00000000d5f80000,0x00000000d6180000)
 ParOldGen       total 333312K, used 333191K [0x0000000080000000, 0x0000000094580000, 0x00000000d5580000)
  object space 333312K, 99% used [0x0000000080000000,0x0000000094561c00,0x0000000094580000)
 Metaspace       used 79889K, committed 81600K, reserved 1179648K
  class space    used 8075K, committed 8832K, reserved 1048576K
}
Event: 17122.206 GC heap after
{Heap after GC invocations=538 (full 4):
 PSYoungGen      total 7168K, used 2031K [0x00000000d5580000, 0x00000000d6480000, 0x0000000100000000)
  eden space 5120K, 0% used [0x00000000d5580000,0x00000000d5580000,0x00000000d5a80000)
  from space 2048K, 99% used [0x00000000d5f80000,0x00000000d617bdb0,0x00000000d6180000)
  to   space 5120K, 0% used [0x00000000d5a80000,0x00000000d5a80000,0x00000000d5f80000)
 ParOldGen       total 335360K, used 335355K [0x0000000080000000, 0x0000000094780000, 0x00000000d5580000)
  object space 335360K, 99% used [0x0000000080000000,0x000000009477ed70,0x0000000094780000)
 Metaspace       used 79889K, committed 81600K, reserved 1179648K
  class space    used 8075K, committed 8832K, reserved 1048576K
}
Event: 17123.183 GC heap before
{Heap before GC invocations=539 (full 4):
 PSYoungGen      total 7168K, used 7144K [0x00000000d5580000, 0x00000000d6480000, 0x0000000100000000)
  eden space 5120K, 99% used [0x00000000d5580000,0x00000000d5a7e438,0x00000000d5a80000)
  from space 2048K, 99% used [0x00000000d5f80000,0x00000000d617bdb0,0x00000000d6180000)
  to   space 5120K, 0% used [0x00000000d5a80000,0x00000000d5a80000,0x00000000d5f80000)
 ParOldGen       total 335360K, used 335355K [0x0000000080000000, 0x0000000094780000, 0x00000000d5580000)
  object space 335360K, 99% used [0x0000000080000000,0x000000009477ed70,0x0000000094780000)
 Metaspace       used 79890K, committed 81600K, reserved 1179648K
  class space    used 8075K, committed 8832K, reserved 1048576K
}
Event: 17123.185 GC heap after
{Heap after GC invocations=539 (full 4):
 PSYoungGen      total 5632K, used 244K [0x00000000d5580000, 0x00000000d6000000, 0x0000000100000000)
  eden space 5120K, 0% used [0x00000000d5580000,0x00000000d5580000,0x00000000d5a80000)
  from space 512K, 47% used [0x00000000d5a80000,0x00000000d5abd200,0x00000000d5b00000)
  to   space 2048K, 0% used [0x00000000d5e00000,0x00000000d5e00000,0x00000000d6000000)
 ParOldGen       total 335872K, used 335379K [0x0000000080000000, 0x0000000094800000, 0x00000000d5580000)
  object space 335872K, 99% used [0x0000000080000000,0x0000000094784d70,0x0000000094800000)
 Metaspace       used 79890K, committed 81600K, reserved 1179648K
  class space    used 8075K, committed 8832K, reserved 1048576K
}
Event: 21681.380 GC heap before
{Heap before GC invocations=540 (full 4):
 PSYoungGen      total 5632K, used 5364K [0x00000000d5580000, 0x00000000d6000000, 0x0000000100000000)
  eden space 5120K, 100% used [0x00000000d5580000,0x00000000d5a80000,0x00000000d5a80000)
  from space 512K, 47% used [0x00000000d5a80000,0x00000000d5abd200,0x00000000d5b00000)
  to   space 2048K, 0% used [0x00000000d5e00000,0x00000000d5e00000,0x00000000d6000000)
 ParOldGen       total 335872K, used 335379K [0x0000000080000000, 0x0000000094800000, 0x00000000d5580000)
  object space 335872K, 99% used [0x0000000080000000,0x0000000094784d70,0x0000000094800000)
 Metaspace       used 79919K, committed 81600K, reserved 1179648K
  class space    used 8076K, committed 8832K, reserved 1048576K
}
Event: 21681.861 GC heap after
{Heap after GC invocations=540 (full 4):
 PSYoungGen      total 5632K, used 192K [0x00000000d5580000, 0x00000000d5e80000, 0x0000000100000000)
  eden space 5120K, 0% used [0x00000000d5580000,0x00000000d5580000,0x00000000d5a80000)
  from space 512K, 37% used [0x00000000d5e00000,0x00000000d5e30000,0x00000000d5e80000)
  to   space 512K, 0% used [0x00000000d5a80000,0x00000000d5a80000,0x00000000d5b00000)
 ParOldGen       total 335872K, used 335411K [0x0000000080000000, 0x0000000094800000, 0x00000000d5580000)
  object space 335872K, 99% used [0x0000000080000000,0x000000009478cd70,0x0000000094800000)
 Metaspace       used 79919K, committed 81600K, reserved 1179648K
  class space    used 8076K, committed 8832K, reserved 1048576K
}

